{
  "stats": {
    "suites": 1,
    "tests": 4,
    "passes": 4,
    "pending": 0,
    "failures": 0,
    "start": "2021-11-22T21:58:58.851Z",
    "end": "2021-11-22T21:58:59.761Z",
    "duration": 910,
    "testsRegistered": 4,
    "passPercent": 100,
    "pendingPercent": 0,
    "other": 0,
    "hasOther": false,
    "skipped": 0,
    "hasSkipped": false
  },
  "results": [
    {
      "uuid": "4ce309ea-06cb-49ee-8715-bd7d1a375140",
      "title": "",
      "fullFile": "cypress/integration/locators.spec.js",
      "file": "cypress/integration/locators.spec.js",
      "beforeHooks": [],
      "afterHooks": [],
      "tests": [],
      "suites": [
        {
          "uuid": "5f33c2ea-e5cc-4fb0-938a-f49a9df9dc28",
          "title": "Locators",
          "fullFile": "",
          "file": "",
          "beforeHooks": [],
          "afterHooks": [],
          "tests": [
            {
              "title": "locating elements with get",
              "fullTitle": "Locators locating elements with get",
              "timedOut": null,
              "duration": 530,
              "state": "passed",
              "speed": "slow",
              "pass": true,
              "fail": false,
              "pending": false,
              "context": null,
              "code": "// Get all elements by tag name\ncy.get(\"button\"); // Get all elements by className\ncy.get(\".btn-with-class\"); // Get all elements by className\ncy.get(\"#btn-with-id\"); // Get all elements with specific classes\ncy.get(\"[class='Elements-btn btn-with-class']\");\ncy.get(\"[class='Elements-btn btn-with-class more-btn-classes']\"); // Get all elements by specific attribute\ncy.get(\"[type='submit']\"); // Get all elements by tag name AND class\ncy.get(\"button.btn-with-class\"); // Get all elements by tag name AND class and id \ncy.get(\"button.Elements-btn#btn-with-id\"); // Get all elements by tag name AND class and type attribute\ncy.get(\"button.Elements-btn[type='submit']\"); // Get all elements with specific data test id\ncy.get(\"[data-cy='btn-id-1']\");",
              "err": {},
              "uuid": "b5d71a7a-9178-42b0-84be-723ea5dacaaa",
              "parentUUID": "5f33c2ea-e5cc-4fb0-938a-f49a9df9dc28",
              "isHook": false,
              "skipped": false
            },
            {
              "title": "locating elements with contain",
              "fullTitle": "Locators locating elements with contain",
              "timedOut": null,
              "duration": 149,
              "state": "passed",
              "speed": "slow",
              "pass": true,
              "fail": false,
              "pending": false,
              "context": null,
              "code": "// Get element by text\ncy.contains(\"Unique Text\"); // Get element by text\ncy.contains(\"Not Unique Text\"); // Combine get with contains\ncy.get(\"[type='submit']\").contains(\"Not Unique Text\"); // Get element by tag name and text\ncy.contains(\"[type='submit']\", \"Not Unique Text\"); // Get element by descent and text \ncy.contains(\"span\", \"Not Unique Text\");\ncy.contains(\"form\", \"Not Unique Text\");\ncy.get(\"form\").contains(\"Not Unique Text\");",
              "err": {},
              "uuid": "0ed5bcf2-39ae-46d4-ad48-b482dd4fe2c4",
              "parentUUID": "5f33c2ea-e5cc-4fb0-938a-f49a9df9dc28",
              "isHook": false,
              "skipped": false
            },
            {
              "title": "locating elements with find",
              "fullTitle": "Locators locating elements with find",
              "timedOut": null,
              "duration": 88,
              "state": "passed",
              "speed": "slow",
              "pass": true,
              "fail": false,
              "pending": false,
              "context": null,
              "code": "cy.get(\"#form-1\").find(\".btn-1\");",
              "err": {},
              "uuid": "0e9ffc14-d049-49c9-af96-8a98d8f1aa54",
              "parentUUID": "5f33c2ea-e5cc-4fb0-938a-f49a9df9dc28",
              "isHook": false,
              "skipped": false
            },
            {
              "title": "locating elements with custom commands",
              "fullTitle": "Locators locating elements with custom commands",
              "timedOut": null,
              "duration": 111,
              "state": "passed",
              "speed": "slow",
              "pass": true,
              "fail": false,
              "pending": false,
              "context": null,
              "code": "// Get all elements by tag\ncy.getByTag(\"button\");",
              "err": {},
              "uuid": "d4fb8958-10b5-44b9-9016-548ac62b7e80",
              "parentUUID": "5f33c2ea-e5cc-4fb0-938a-f49a9df9dc28",
              "isHook": false,
              "skipped": false
            }
          ],
          "suites": [],
          "passes": [
            "b5d71a7a-9178-42b0-84be-723ea5dacaaa",
            "0ed5bcf2-39ae-46d4-ad48-b482dd4fe2c4",
            "0e9ffc14-d049-49c9-af96-8a98d8f1aa54",
            "d4fb8958-10b5-44b9-9016-548ac62b7e80"
          ],
          "failures": [],
          "pending": [],
          "skipped": [],
          "duration": 878,
          "root": false,
          "rootEmpty": false,
          "_timeout": 2000
        }
      ],
      "passes": [],
      "failures": [],
      "pending": [],
      "skipped": [],
      "duration": 0,
      "root": true,
      "rootEmpty": true,
      "_timeout": 2000
    }
  ],
  "meta": {
    "mocha": {
      "version": "7.0.1"
    },
    "mochawesome": {
      "options": {
        "quiet": false,
        "reportFilename": "mochawesome",
        "saveHtml": true,
        "saveJson": true,
        "consoleReporter": "spec",
        "useInlineDiffs": false,
        "code": true
      },
      "version": "7.0.1"
    },
    "marge": {
      "options": null,
      "version": "6.0.1"
    }
  }
}