{
  "stats": {
    "suites": 1,
    "tests": 4,
    "passes": 4,
    "pending": 0,
    "failures": 0,
    "start": "2021-11-22T21:09:23.557Z",
    "end": "2021-11-22T21:09:25.307Z",
    "duration": 1750,
    "testsRegistered": 4,
    "passPercent": 100,
    "pendingPercent": 0,
    "other": 0,
    "hasOther": false,
    "skipped": 0,
    "hasSkipped": false
  },
  "results": [
    {
      "uuid": "a7954091-c3c8-4ef5-8735-c70c65d38d66",
      "title": "",
      "fullFile": "cypress/integration/locators.spec.js",
      "file": "cypress/integration/locators.spec.js",
      "beforeHooks": [],
      "afterHooks": [],
      "tests": [],
      "suites": [
        {
          "uuid": "dca0b90c-cd40-40bf-8e12-da0fd7278563",
          "title": "Locators",
          "fullFile": "",
          "file": "",
          "beforeHooks": [],
          "afterHooks": [],
          "tests": [
            {
              "title": "locating elements with get",
              "fullTitle": "Locators locating elements with get",
              "timedOut": null,
              "duration": 1099,
              "state": "passed",
              "speed": "slow",
              "pass": true,
              "fail": false,
              "pending": false,
              "context": null,
              "code": "// Get all elements by tag name\ncy.get(\"button\"); // Get all elements by className\ncy.get(\".btn-with-class\"); // Get all elements by className\ncy.get(\"#btn-with-id\"); // Get all elements with specific classes\ncy.get(\"[class='Elements-btn btn-with-class']\");\ncy.get(\"[class='Elements-btn btn-with-class more-btn-classes']\"); // Get all elements by specific attribute\ncy.get(\"[type='submit']\"); // Get all elements by tag name AND class\ncy.get(\"button.btn-with-class\"); // Get all elements by tag name AND class and id \ncy.get(\"button.Elements-btn#btn-with-id\"); // Get all elements by tag name AND class and type attribute\ncy.get(\"button.Elements-btn[type='submit']\"); // Get all elements with specific data test id\ncy.get(\"[data-cy='btn-id-1']\");",
              "err": {},
              "uuid": "98af7ff8-6160-4177-b7bc-797120a03e64",
              "parentUUID": "dca0b90c-cd40-40bf-8e12-da0fd7278563",
              "isHook": false,
              "skipped": false
            },
            {
              "title": "locating elements with contain",
              "fullTitle": "Locators locating elements with contain",
              "timedOut": null,
              "duration": 286,
              "state": "passed",
              "speed": "slow",
              "pass": true,
              "fail": false,
              "pending": false,
              "context": null,
              "code": "// Get element by text\ncy.contains(\"Unique Text\"); // Get element by text\ncy.contains(\"Not Unique Text\"); // Combine get with contains\ncy.get(\"[type='submit']\").contains(\"Not Unique Text\"); // Get element by tag name and text\ncy.contains(\"[type='submit']\", \"Not Unique Text\"); // Get element by descent and text \ncy.contains(\"span\", \"Not Unique Text\");\ncy.contains(\"form\", \"Not Unique Text\");\ncy.get(\"form\").contains(\"Not Unique Text\");",
              "err": {},
              "uuid": "7989c465-f6e5-4cfc-ad45-cc3f9b33946e",
              "parentUUID": "dca0b90c-cd40-40bf-8e12-da0fd7278563",
              "isHook": false,
              "skipped": false
            },
            {
              "title": "locating elements with find",
              "fullTitle": "Locators locating elements with find",
              "timedOut": null,
              "duration": 147,
              "state": "passed",
              "speed": "slow",
              "pass": true,
              "fail": false,
              "pending": false,
              "context": null,
              "code": "cy.get(\"#form-1\").find(\".btn-1\");",
              "err": {},
              "uuid": "eaf634e6-8da5-4fd7-bc2d-ad275e4f9e23",
              "parentUUID": "dca0b90c-cd40-40bf-8e12-da0fd7278563",
              "isHook": false,
              "skipped": false
            },
            {
              "title": "locating elements with custom commands",
              "fullTitle": "Locators locating elements with custom commands",
              "timedOut": null,
              "duration": 158,
              "state": "passed",
              "speed": "slow",
              "pass": true,
              "fail": false,
              "pending": false,
              "context": null,
              "code": "// Get all elements by tag\ncy.getByTag(\"button\");",
              "err": {},
              "uuid": "cc0e9457-8d1d-49d8-b869-42593c04c488",
              "parentUUID": "dca0b90c-cd40-40bf-8e12-da0fd7278563",
              "isHook": false,
              "skipped": false
            }
          ],
          "suites": [],
          "passes": [
            "98af7ff8-6160-4177-b7bc-797120a03e64",
            "7989c465-f6e5-4cfc-ad45-cc3f9b33946e",
            "eaf634e6-8da5-4fd7-bc2d-ad275e4f9e23",
            "cc0e9457-8d1d-49d8-b869-42593c04c488"
          ],
          "failures": [],
          "pending": [],
          "skipped": [],
          "duration": 1690,
          "root": false,
          "rootEmpty": false,
          "_timeout": 2000
        }
      ],
      "passes": [],
      "failures": [],
      "pending": [],
      "skipped": [],
      "duration": 0,
      "root": true,
      "rootEmpty": true,
      "_timeout": 2000
    }
  ],
  "meta": {
    "mocha": {
      "version": "7.0.1"
    },
    "mochawesome": {
      "options": {
        "quiet": false,
        "reportFilename": "mochawesome",
        "saveHtml": true,
        "saveJson": true,
        "consoleReporter": "spec",
        "useInlineDiffs": false,
        "code": true
      },
      "version": "7.0.1"
    },
    "marge": {
      "options": null,
      "version": "6.0.1"
    }
  }
}